{"metadata":{"generated_at":"2025-11-20T23:42:41.636628Z","spec_id":"architectural-improvements-2025-01-20-001","report_version":"1.0"},"spec_id":"architectural-improvements-2025-01-20-001","models_consulted":{"count":4,"tools":{"opencode":"gpt-5.1-codex-mini","cursor-agent":"composer-1","gemini":"gemini:gemini-3-pro-preview","claude":"claude:claude-haiku-4-5-20251001"}},"consensus":{"consensus_verdict":"unknown","consensus_issues":[],"consensus_recommendations":[],"all_issues":["Tool execution failed: Model 'gpt-5.1-codex-mini' is not supported. Available models: default","Tool execution failed: Cursor Agent CLI exited with code 1: error: unknown option '--prompt'\n(Did you mean --print?)","BLOCKING: chardet dependency missing from pyproject.toml will cause ImportError on fresh installs","MAJOR: pytest testpaths configuration points to wrong directory (tests/ instead of model_chorus/tests/)","MAJOR: Duplicate pytest configuration in pyproject.toml and pytest.ini may cause conflicts","MINOR: construct_prompt_with_files() function still exists rather than being fully replaced as spec indicated","MINOR: mypy type checking may be failing silently due to continue-on-error: true in CI","Requirement alignment: partial: Most requirements are met but with notable deviations: \u2705 COMPLETED: - task-1-2: pyproject.toml has black, ruff, mypy configuration (lines 59-74) - task-1-3: .github/workflows/code-quality.yml exists with black, ruff, mypy jobs - task-1-4: .github/workflows/tests.yml exists with USE_MOCK_PROVIDERS support - task-1-5: ContextIngestionService created at model_chorus/src/model_chorus/core/context_ingestion.py - task-1-7: Comprehensive tests at model_chorus/tests/test_context_ingestion.py (493 lines, 6 test classes) - task-1-8: Black formatter applied to codebase (evident from consistent formatting) \u26a0\ufe0f PARTIAL/INCOMPLETE: - task-1-1: Test consolidation incomplete - tests remain at model_chorus/tests/ but pyproject.toml testpaths points to non-existent 'tests/' directory (line 77). No sys.path hacks found (good), but pytest.ini also has testpaths = tests (conflicting configuration) - task-1-6: construct_prompt_with_files() was updated to USE ContextIngestionService (lines 1061-1109 in main.py), but the function still EXISTS and was not fully REPLACED as spec states. The spec said 'Replace construct_prompt_with_files() calls with ContextIngestionService' implying the function should be removed and calls refactored.","Success criteria: partial: Verification steps status: \u2705 verify-1-1: All tests pass after consolidation - LIKELY MET (git shows commit '761a608 verify-1-1: All tests pass after consolidation') \u2705 verify-1-2: Code quality checks pass - LIKELY MET (git shows commit 'bdf092b verify-1-2: Code quality checks pass') \u26a0\ufe0f verify-1-3: CI/CD pipeline runs successfully - PARTIAL (workflows exist but may fail due to testpaths misconfiguration) \u2705 verify-1-4: Context ingestion handles large files correctly - MET (git shows commit '117622e verify-1-4: Context ingestion handles large files correctly', comprehensive tests verify size limits) \u274c verify-1-5: Phase 1 implementation fidelity review - IN PROGRESS (this review) Git commit history confirms verify-1-1, verify-1-2, and verify-1-4 were explicitly completed.","pyproject.toml mypy configuration has disallow_untyped_defs = true (line 74) but CI workflow sets continue-on-error: true for mypy (code-quality.yml:40), suggesting type checking may not be passing","ContextIngestionService uses chardet for encoding detection but this creates a hidden runtime dependency that will fail on fresh installs","pytest configuration exists in two places (pyproject.toml and model_chorus/pytest.ini) with potentially conflicting settings","CI workflow tests path is 'pytest model_chorus/tests' (tests.yml:33) but pyproject.toml testpaths expects top-level 'tests' directory","Code quality: Overall code quality is good with proper formatting, comprehensive documentation, and error handling. The ContextIngestionService implementation (context_ingestion.py) is well-designed with clear abstractions, proper error types, and extensive docstrings. Main concerns are configuration consistency and missing dependencies rather than code quality itself.","blocking: Missing chardet dependency in pyproject.toml. The ContextIngestionService imports and uses chardet (context_ingestion.py:18, 123) but chardet is not listed in the dependencies array (pyproject.toml:27-35) or dev dependencies (lines 38-46).","major: Conflicting pytest testpaths configuration. pyproject.toml specifies testpaths = ['tests'] (line 77) pointing to a non-existent top-level tests/ directory, while actual tests are in model_chorus/tests/. Additionally, model_chorus/pytest.ini has testpaths = tests creating redundant configuration.","minor: construct_prompt_with_files() function not removed. Task-1-6 specification states 'Replace construct_prompt_with_files() calls with ContextIngestionService', but the function was only refactored internally to use the service (main.py:1061-1109) rather than having its calls replaced and the function removed entirely.","major: Test directory consolidation incomplete. While tests are located at model_chorus/tests/ and no sys.path hacks were found in test files, the old top-level tests/ directory may still exist and pytest configuration doesn't correctly point to the new location."],"all_recommendations":["Proceed to Phase 2 of the architectural improvements.","Monitor the CI/CD pipeline runs to ensure the new workflows are stable in practice.","Add 'chardet>=5.0.0' to dependencies array in pyproject.toml (after line 34)","Fix pyproject.toml testpaths to 'testpaths = [\"model_chorus/tests\"]' or remove if pytest.ini is preferred","Consolidate pytest configuration - remove duplicate settings from either pyproject.toml or pytest.ini","Verify and document whether old tests/ directory still exists and remove if present","Consider refactoring construct_prompt_with_files() calls to use ContextIngestionService directly, or document the wrapper approach as intentional design","Address mypy type checking failures and remove continue-on-error: true from CI once types are correct","Run 'pip install -e .[dev]' in a clean virtualenv to verify all dependencies install correctly","Update spec journal with decisions made during implementation (e.g., keeping construct_prompt_with_files as wrapper)"],"verdict_distribution":{"unknown":2,"partial":2},"agreement_rate":0.5,"model_count":4},"categorized_issues":{"uncategorized":[]},"individual_responses":[{"verdict":"unknown","issues":["Tool execution failed: Model 'gpt-5.1-codex-mini' is not supported. Available models: default"],"recommendations":[],"summary":"Unable to complete review due to tool failure","raw_response":"","provider":"opencode","model":"gpt-5.1-codex-mini"},{"verdict":"unknown","issues":["Tool execution failed: Cursor Agent CLI exited with code 1: error: unknown option '--prompt'\n(Did you mean --print?)"],"recommendations":[],"summary":"Unable to complete review due to tool failure","raw_response":"","provider":"cursor-agent","model":"composer-1"},{"verdict":"partial","issues":[],"recommendations":["Proceed to Phase 2 of the architectural improvements.","Monitor the CI/CD pipeline runs to ensure the new workflows are stable in practice."],"summary":"Phase 1 implementation has been successfully completed. The test directory consolidation, tool configuration, CI/CD workflow setup, and context ingestion service implementation have all been executed according to the specification. The code is well-structured, tested, and integrated into the CLI.","structured_response":{"verdict":"pass","summary":"Phase 1 implementation has been successfully completed. The test directory consolidation, tool configuration, CI/CD workflow setup, and context ingestion service implementation have all been executed according to the specification. The code is well-structured, tested, and integrated into the CLI.","requirement_alignment":{"answer":"yes","details":"All tasks (1-1 through 1-8) have been implemented. `tests/` is consolidated into `model_chorus/tests/`. `pyproject.toml` includes the required tools. CI workflows are present. `ContextIngestionService` is implemented and integrated into the CLI."},"success_criteria":{"met":"yes","details":"Tests are consolidated. Code quality checks are in place. CI pipelines are defined. Context ingestion service handles large files and binary detection as verified by the new test suite."},"deviations":[],"test_coverage":{"status":"sufficient","details":"`test_context_ingestion.py` provides comprehensive coverage for the new service, including edge cases like binary files, large files, and encoding issues."},"code_quality":{"issues":[],"details":"The code follows the project's style (Black/Ruff) and uses type hinting (checked by MyPy). The `ContextIngestionService` class is modular and reusable."},"documentation":{"status":"adequate","details":"New classes and methods have clear docstrings. Configuration files are self-explanatory."},"issues":[],"recommendations":["Proceed to Phase 2 of the architectural improvements.","Monitor the CI/CD pipeline runs to ensure the new workflows are stable in practice."]},"provider":"gemini","model":"gemini:gemini-3-pro-preview"},{"verdict":"partial","issues":["BLOCKING: chardet dependency missing from pyproject.toml will cause ImportError on fresh installs","MAJOR: pytest testpaths configuration points to wrong directory (tests/ instead of model_chorus/tests/)","MAJOR: Duplicate pytest configuration in pyproject.toml and pytest.ini may cause conflicts","MINOR: construct_prompt_with_files() function still exists rather than being fully replaced as spec indicated","MINOR: mypy type checking may be failing silently due to continue-on-error: true in CI","Requirement alignment: partial: Most requirements are met but with notable deviations: \u2705 COMPLETED: - task-1-2: pyproject.toml has black, ruff, mypy configuration (lines 59-74) - task-1-3: .github/workflows/code-quality.yml exists with black, ruff, mypy jobs - task-1-4: .github/workflows/tests.yml exists with USE_MOCK_PROVIDERS support - task-1-5: ContextIngestionService created at model_chorus/src/model_chorus/core/context_ingestion.py - task-1-7: Comprehensive tests at model_chorus/tests/test_context_ingestion.py (493 lines, 6 test classes) - task-1-8: Black formatter applied to codebase (evident from consistent formatting) \u26a0\ufe0f PARTIAL/INCOMPLETE: - task-1-1: Test consolidation incomplete - tests remain at model_chorus/tests/ but pyproject.toml testpaths points to non-existent 'tests/' directory (line 77). No sys.path hacks found (good), but pytest.ini also has testpaths = tests (conflicting configuration) - task-1-6: construct_prompt_with_files() was updated to USE ContextIngestionService (lines 1061-1109 in main.py), but the function still EXISTS and was not fully REPLACED as spec states. The spec said 'Replace construct_prompt_with_files() calls with ContextIngestionService' implying the function should be removed and calls refactored.","Success criteria: partial: Verification steps status: \u2705 verify-1-1: All tests pass after consolidation - LIKELY MET (git shows commit '761a608 verify-1-1: All tests pass after consolidation') \u2705 verify-1-2: Code quality checks pass - LIKELY MET (git shows commit 'bdf092b verify-1-2: Code quality checks pass') \u26a0\ufe0f verify-1-3: CI/CD pipeline runs successfully - PARTIAL (workflows exist but may fail due to testpaths misconfiguration) \u2705 verify-1-4: Context ingestion handles large files correctly - MET (git shows commit '117622e verify-1-4: Context ingestion handles large files correctly', comprehensive tests verify size limits) \u274c verify-1-5: Phase 1 implementation fidelity review - IN PROGRESS (this review) Git commit history confirms verify-1-1, verify-1-2, and verify-1-4 were explicitly completed.","pyproject.toml mypy configuration has disallow_untyped_defs = true (line 74) but CI workflow sets continue-on-error: true for mypy (code-quality.yml:40), suggesting type checking may not be passing","ContextIngestionService uses chardet for encoding detection but this creates a hidden runtime dependency that will fail on fresh installs","pytest configuration exists in two places (pyproject.toml and model_chorus/pytest.ini) with potentially conflicting settings","CI workflow tests path is 'pytest model_chorus/tests' (tests.yml:33) but pyproject.toml testpaths expects top-level 'tests' directory","Code quality: Overall code quality is good with proper formatting, comprehensive documentation, and error handling. The ContextIngestionService implementation (context_ingestion.py) is well-designed with clear abstractions, proper error types, and extensive docstrings. Main concerns are configuration consistency and missing dependencies rather than code quality itself.","blocking: Missing chardet dependency in pyproject.toml. The ContextIngestionService imports and uses chardet (context_ingestion.py:18, 123) but chardet is not listed in the dependencies array (pyproject.toml:27-35) or dev dependencies (lines 38-46).","major: Conflicting pytest testpaths configuration. pyproject.toml specifies testpaths = ['tests'] (line 77) pointing to a non-existent top-level tests/ directory, while actual tests are in model_chorus/tests/. Additionally, model_chorus/pytest.ini has testpaths = tests creating redundant configuration.","minor: construct_prompt_with_files() function not removed. Task-1-6 specification states 'Replace construct_prompt_with_files() calls with ContextIngestionService', but the function was only refactored internally to use the service (main.py:1061-1109) rather than having its calls replaced and the function removed entirely.","major: Test directory consolidation incomplete. While tests are located at model_chorus/tests/ and no sys.path hacks were found in test files, the old top-level tests/ directory may still exist and pytest configuration doesn't correctly point to the new location."],"recommendations":["Add 'chardet>=5.0.0' to dependencies array in pyproject.toml (after line 34)","Fix pyproject.toml testpaths to 'testpaths = [\"model_chorus/tests\"]' or remove if pytest.ini is preferred","Consolidate pytest configuration - remove duplicate settings from either pyproject.toml or pytest.ini","Verify and document whether old tests/ directory still exists and remove if present","Consider refactoring construct_prompt_with_files() calls to use ContextIngestionService directly, or document the wrapper approach as intentional design","Address mypy type checking failures and remove continue-on-error: true from CI once types are correct","Run 'pip install -e .[dev]' in a clean virtualenv to verify all dependencies install correctly","Update spec journal with decisions made during implementation (e.g., keeping construct_prompt_with_files as wrapper)"],"summary":"Phase 1 implementation shows good progress with most tasks completed, but has several critical deviations from the specification. The test directory consolidation is incomplete, chardet dependency is missing from pyproject.toml, pytest configuration has conflicting testpaths, and the construct_prompt_with_files() function was not fully replaced as specified. Code quality tools are properly configured and the context ingestion service is well-implemented with comprehensive tests.","structured_response":{"verdict":"partial","summary":"Phase 1 implementation shows good progress with most tasks completed, but has several critical deviations from the specification. The test directory consolidation is incomplete, chardet dependency is missing from pyproject.toml, pytest configuration has conflicting testpaths, and the construct_prompt_with_files() function was not fully replaced as specified. Code quality tools are properly configured and the context ingestion service is well-implemented with comprehensive tests.","requirement_alignment":{"answer":"partial","details":"Most requirements are met but with notable deviations:\n\n\u2705 COMPLETED:\n- task-1-2: pyproject.toml has black, ruff, mypy configuration (lines 59-74)\n- task-1-3: .github/workflows/code-quality.yml exists with black, ruff, mypy jobs\n- task-1-4: .github/workflows/tests.yml exists with USE_MOCK_PROVIDERS support\n- task-1-5: ContextIngestionService created at model_chorus/src/model_chorus/core/context_ingestion.py\n- task-1-7: Comprehensive tests at model_chorus/tests/test_context_ingestion.py (493 lines, 6 test classes)\n- task-1-8: Black formatter applied to codebase (evident from consistent formatting)\n\n\u26a0\ufe0f PARTIAL/INCOMPLETE:\n- task-1-1: Test consolidation incomplete - tests remain at model_chorus/tests/ but pyproject.toml testpaths points to non-existent 'tests/' directory (line 77). No sys.path hacks found (good), but pytest.ini also has testpaths = tests (conflicting configuration)\n- task-1-6: construct_prompt_with_files() was updated to USE ContextIngestionService (lines 1061-1109 in main.py), but the function still EXISTS and was not fully REPLACED as spec states. The spec said 'Replace construct_prompt_with_files() calls with ContextIngestionService' implying the function should be removed and calls refactored."},"success_criteria":{"met":"partial","details":"Verification steps status:\n\n\u2705 verify-1-1: All tests pass after consolidation - LIKELY MET (git shows commit '761a608 verify-1-1: All tests pass after consolidation')\n\u2705 verify-1-2: Code quality checks pass - LIKELY MET (git shows commit 'bdf092b verify-1-2: Code quality checks pass')\n\u26a0\ufe0f verify-1-3: CI/CD pipeline runs successfully - PARTIAL (workflows exist but may fail due to testpaths misconfiguration)\n\u2705 verify-1-4: Context ingestion handles large files correctly - MET (git shows commit '117622e verify-1-4: Context ingestion handles large files correctly', comprehensive tests verify size limits)\n\u274c verify-1-5: Phase 1 implementation fidelity review - IN PROGRESS (this review)\n\nGit commit history confirms verify-1-1, verify-1-2, and verify-1-4 were explicitly completed."},"deviations":[{"description":"Missing chardet dependency in pyproject.toml. The ContextIngestionService imports and uses chardet (context_ingestion.py:18, 123) but chardet is not listed in the dependencies array (pyproject.toml:27-35) or dev dependencies (lines 38-46).","justification":"No justification found. This will cause ImportError when the package is installed fresh.","severity":"blocking"},{"description":"Conflicting pytest testpaths configuration. pyproject.toml specifies testpaths = ['tests'] (line 77) pointing to a non-existent top-level tests/ directory, while actual tests are in model_chorus/tests/. Additionally, model_chorus/pytest.ini has testpaths = tests creating redundant configuration.","justification":"Tests were consolidated to model_chorus/tests/ but configuration was not fully updated to reflect this location.","severity":"major"},{"description":"construct_prompt_with_files() function not removed. Task-1-6 specification states 'Replace construct_prompt_with_files() calls with ContextIngestionService', but the function was only refactored internally to use the service (main.py:1061-1109) rather than having its calls replaced and the function removed entirely.","justification":"The current implementation maintains API compatibility by wrapping ContextIngestionService in the existing function, which is pragmatic but deviates from spec intent.","severity":"minor"},{"description":"Test directory consolidation incomplete. While tests are located at model_chorus/tests/ and no sys.path hacks were found in test files, the old top-level tests/ directory may still exist and pytest configuration doesn't correctly point to the new location.","justification":"Partial completion of task-1-1. Tests consolidated but configuration cleanup incomplete.","severity":"major"}],"test_coverage":{"status":"sufficient","details":"Task-1-7 test coverage is comprehensive:\n\n- test_context_ingestion.py: 493 lines with 6 test classes covering:\n  * TestContextIngestionServiceInitialization (6 tests)\n  * TestReadFile (9 tests)\n  * TestGetFileInfo (3 tests)\n  * TestCanReadFile (3 tests)\n  * TestReadFileChunked (6 tests)\n  * TestReadFileLines (6 tests)\n  * TestPathValidation (2 tests)\n  * TestCustomSizeLimits (2 tests)\n\n- Tests verify: initialization validation, file size limits, encoding detection, unicode handling, binary file detection, chunking, line reading, path validation, error handling\n- conftest.py provides excellent fixture infrastructure with smart mock providers\n- Git commits confirm tests pass (verify-1-1, verify-1-4)\n- No sys.path hacks found in test files (grep returned no results)"},"code_quality":{"issues":["pyproject.toml mypy configuration has disallow_untyped_defs = true (line 74) but CI workflow sets continue-on-error: true for mypy (code-quality.yml:40), suggesting type checking may not be passing","ContextIngestionService uses chardet for encoding detection but this creates a hidden runtime dependency that will fail on fresh installs","pytest configuration exists in two places (pyproject.toml and model_chorus/pytest.ini) with potentially conflicting settings","CI workflow tests path is 'pytest model_chorus/tests' (tests.yml:33) but pyproject.toml testpaths expects top-level 'tests' directory"],"details":"Overall code quality is good with proper formatting, comprehensive documentation, and error handling. The ContextIngestionService implementation (context_ingestion.py) is well-designed with clear abstractions, proper error types, and extensive docstrings. Main concerns are configuration consistency and missing dependencies rather than code quality itself."},"documentation":{"status":"adequate","details":"Implementation is well-documented:\n\n- ContextIngestionService has comprehensive module docstring (lines 1-13) describing features\n- All public methods have detailed docstrings with Args, Returns, Raises, and Examples sections\n- Custom exceptions documented (FileTooLargeError, BinaryFileError)\n- CLI integration includes user-facing error messages with hints (main.py:1077-1108)\n- Test files include class and method docstrings\n- construct_prompt_with_files() has clear docstring explaining ContextIngestionService usage\n\nDocumentation quality is high. No gaps identified for implemented features."},"issues":["BLOCKING: chardet dependency missing from pyproject.toml will cause ImportError on fresh installs","MAJOR: pytest testpaths configuration points to wrong directory (tests/ instead of model_chorus/tests/)","MAJOR: Duplicate pytest configuration in pyproject.toml and pytest.ini may cause conflicts","MINOR: construct_prompt_with_files() function still exists rather than being fully replaced as spec indicated","MINOR: mypy type checking may be failing silently due to continue-on-error: true in CI"],"recommendations":["Add 'chardet>=5.0.0' to dependencies array in pyproject.toml (after line 34)","Fix pyproject.toml testpaths to 'testpaths = [\"model_chorus/tests\"]' or remove if pytest.ini is preferred","Consolidate pytest configuration - remove duplicate settings from either pyproject.toml or pytest.ini","Verify and document whether old tests/ directory still exists and remove if present","Consider refactoring construct_prompt_with_files() calls to use ContextIngestionService directly, or document the wrapper approach as intentional design","Address mypy type checking failures and remove continue-on-error: true from CI once types are correct","Run 'pip install -e .[dev]' in a clean virtualenv to verify all dependencies install correctly","Update spec journal with decisions made during implementation (e.g., keeping construct_prompt_with_files as wrapper)"]},"provider":"claude","model":"claude:claude-haiku-4-5-20251001"}]}